[debug] [2023-03-23T19:05:11.229Z] ----------------------------------------------------------------------
[debug] [2023-03-23T19:05:11.230Z] Command:       /home/bobsk8/.nvm/versions/node/v16.16.0/bin/node /home/bobsk8/.nvm/versions/node/v16.16.0/bin/firebase init
[debug] [2023-03-23T19:05:11.231Z] CLI Version:   11.17.0
[debug] [2023-03-23T19:05:11.231Z] Platform:      linux
[debug] [2023-03-23T19:05:11.231Z] Node Version:  v16.16.0
[debug] [2023-03-23T19:05:11.234Z] Time:          Thu Mar 23 2023 19:05:11 GMT+0000 (Horário Padrão da Europa Ocidental)
[debug] [2023-03-23T19:05:11.235Z] ----------------------------------------------------------------------
[debug] 
[debug] [2023-03-23T19:05:11.243Z] >>> [apiv2][query] GET https://firebase-public.firebaseio.com/cli.json [none]
[debug] [2023-03-23T19:05:11.266Z] > command requires scopes: ["email","openid","https://www.googleapis.com/auth/cloudplatformprojects.readonly","https://www.googleapis.com/auth/firebase","https://www.googleapis.com/auth/cloud-platform"]
[debug] [2023-03-23T19:05:11.266Z] > authorizing via signed-in user (rodrigovianaprado@gmail.com)
[info] 
     ######## #### ########  ######## ########     ###     ######  ########
     ##        ##  ##     ## ##       ##     ##  ##   ##  ##       ##
     ######    ##  ########  ######   ########  #########  ######  ######
     ##        ##  ##    ##  ##       ##     ## ##     ##       ## ##
     ##       #### ##     ## ######## ########  ##     ##  ######  ########

You're about to initialize a Firebase project in this directory:

  /develop/estudo/manager-app

Before we get started, keep in mind:

  * You are currently outside your home directory

[debug] [2023-03-23T19:05:11.596Z] <<< [apiv2][status] GET https://firebase-public.firebaseio.com/cli.json 200
[debug] [2023-03-23T19:05:11.597Z] <<< [apiv2][body] GET https://firebase-public.firebaseio.com/cli.json {"cloudBuildErrorAfter":1594252800000,"cloudBuildWarnAfter":1590019200000,"defaultNode10After":1594252800000,"minVersion":"3.0.5","node8DeploysDisabledAfter":1613390400000,"node8RuntimeDisabledAfter":1615809600000,"node8WarnAfter":1600128000000}
[info] 
=== Project Setup
[info] 
[info] First, let's associate this project directory with a Firebase project.
[info] You can create multiple project aliases by running firebase use --add, 
[info] but for now we'll just set up a default project.
[info] 
[debug] [2023-03-23T19:05:20.157Z] > refreshing access token with scopes: []
[debug] [2023-03-23T19:05:20.158Z] >>> [apiv2][query] POST https://www.googleapis.com/oauth2/v3/token [none]
[debug] [2023-03-23T19:05:20.159Z] >>> [apiv2][body] POST https://www.googleapis.com/oauth2/v3/token [omitted]
[debug] [2023-03-23T19:05:20.311Z] <<< [apiv2][status] POST https://www.googleapis.com/oauth2/v3/token 200
[debug] [2023-03-23T19:05:20.312Z] <<< [apiv2][body] POST https://www.googleapis.com/oauth2/v3/token [omitted]
[debug] [2023-03-23T19:05:20.325Z] >>> [apiv2][query] GET https://firebase.googleapis.com/v1beta1/projects pageSize=100
[debug] [2023-03-23T19:05:20.991Z] <<< [apiv2][status] GET https://firebase.googleapis.com/v1beta1/projects 200
[debug] [2023-03-23T19:05:20.991Z] <<< [apiv2][body] GET https://firebase.googleapis.com/v1beta1/projects [omitted]
[info] i  Using project recipe-373317 (recipe) 
[info] 
=== Hosting Setup
[info] 
[info] Your public directory is the folder (relative to your project directory) that
[info] will contain Hosting assets to be uploaded with firebase deploy. If you
[info] have a build process for your assets, use your build's output directory.
[info] 
[debug] [2023-03-23T19:05:38.565Z] >>> [apiv2][query] GET https://www.gstatic.com/firebasejs/releases.json [none]
[debug] [2023-03-23T19:05:38.648Z] <<< [apiv2][status] GET https://www.gstatic.com/firebasejs/releases.json 200
[debug] [2023-03-23T19:05:38.649Z] <<< [apiv2][body] GET https://www.gstatic.com/firebasejs/releases.json {"current":{"version":"9.18.0","browserURL":"https://www.gstatic.com/firebasejs/9.18.0/firebase.js","packageURL":"https://www.gstatic.com/firebasejs/9.18.0/firebase.tgz"},"live":{"version":"9.18","browserURL":"https://www.gstatic.com/firebasejs/live/9.18/firebase.js","packageURL":"https://www.gstatic.com/firebasejs/live/9.18/firebase.tgz"},"components":{"analytics":"https://www.gstatic.com/firebasejs/9.18.0/firebase-analytics.js","app":"https://www.gstatic.com/firebasejs/9.18.0/firebase-app.js","app-check":"https://www.gstatic.com/firebasejs/9.18.0/firebase-app-check.js","auth":"https://www.gstatic.com/firebasejs/9.18.0/firebase-auth.js","auth/cordova":"https://www.gstatic.com/firebasejs/9.18.0/firebase-auth/cordova.js","auth/react-native":"https://www.gstatic.com/firebasejs/9.18.0/firebase-auth/react-native.js","functions":"https://www.gstatic.com/firebasejs/9.18.0/firebase-functions.js","firestore":"https://www.gstatic.com/firebasejs/9.18.0/firebase-firestore.js","firestore/lite":"https://www.gstatic.com/firebasejs/9.18.0/firebase-firestore/lite.js","installations":"https://www.gstatic.com/firebasejs/9.18.0/firebase-installations.js","storage":"https://www.gstatic.com/firebasejs/9.18.0/firebase-storage.js","performance":"https://www.gstatic.com/firebasejs/9.18.0/firebase-performance.js","remote-config":"https://www.gstatic.com/firebasejs/9.18.0/firebase-remote-config.js","messaging":"https://www.gstatic.com/firebasejs/9.18.0/firebase-messaging.js","messaging/sw":"https://www.gstatic.com/firebasejs/9.18.0/firebase-messaging/sw.js","database":"https://www.gstatic.com/firebasejs/9.18.0/firebase-database.js","firestore.memory":"https://www.gstatic.com/firebasejs/9.18.0/firebase-firestore.memory.js"}}
[info] ✔  Wrote public/index.html 
[info] 
[info] i  Detected a .git folder at /develop/estudo/manager-app 
[info] i  Authorizing with GitHub to upload your service account to a GitHub repository's secrets store. 
[info] 
[info] Visit this URL on this device to log in:
[info] https://github.com/login/oauth/authorize?client_id=89cf50f02ac6aaed3484&state=786467007&redirect_uri=http%3A%2F%2Flocalhost%3A9005&scope=read%3Auser%20repo%20public_repo
[info] 
[info] Waiting for authentication...
[debug] [2023-03-23T19:05:51.797Z] >>> [apiv2][query] POST https://github.com/login/oauth/access_token [none]
[debug] [2023-03-23T19:05:51.798Z] >>> [apiv2][body] POST https://github.com/login/oauth/access_token [stream]
[debug] [2023-03-23T19:05:52.171Z] <<< [apiv2][status] POST https://github.com/login/oauth/access_token 200
[debug] [2023-03-23T19:05:52.171Z] <<< [apiv2][body] POST https://github.com/login/oauth/access_token {"access_token":"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","token_type":"bearer","scope":"read:user,repo"}
[debug] [2023-03-23T19:05:52.189Z] >>> [apiv2][query] GET https://api.github.com/user [none]
[debug] [2023-03-23T19:05:52.630Z] <<< [apiv2][status] GET https://api.github.com/user 200
[debug] [2023-03-23T19:05:52.631Z] <<< [apiv2][body] GET https://api.github.com/user {"login":"bobsk8","id":22792806,"node_id":"MDQ6VXNlcjIyNzkyODA2","avatar_url":"https://avatars.githubusercontent.com/u/22792806?v=4","gravatar_id":"","url":"https://api.github.com/users/bobsk8","html_url":"https://github.com/bobsk8","followers_url":"https://api.github.com/users/bobsk8/followers","following_url":"https://api.github.com/users/bobsk8/following{/other_user}","gists_url":"https://api.github.com/users/bobsk8/gists{/gist_id}","starred_url":"https://api.github.com/users/bobsk8/starred{/owner}{/repo}","subscriptions_url":"https://api.github.com/users/bobsk8/subscriptions","organizations_url":"https://api.github.com/users/bobsk8/orgs","repos_url":"https://api.github.com/users/bobsk8/repos","events_url":"https://api.github.com/users/bobsk8/events{/privacy}","received_events_url":"https://api.github.com/users/bobsk8/received_events","type":"User","site_admin":false,"name":"Rodrigo Viana","company":null,"blog":"","location":"Brasil","email":null,"hireable":null,"bio":null,"twitter_username":null,"public_repos":32,"public_gists":0,"followers":5,"following":11,"created_at":"2016-10-12T12:31:40Z","updated_at":"2023-01-01T11:23:48Z","private_gists":0,"total_private_repos":16,"owned_private_repos":16,"disk_usage":118237,"collaborators":1,"two_factor_authentication":false,"plan":{"name":"free","space":976562499,"collaborators":0,"private_repos":10000}}
[info] 
[info] ✔  Success! Logged into GitHub as bobsk8 
[info] 
[debug] [2023-03-23T19:06:12.847Z] >>> [apiv2][query] GET https://api.github.com/repos//actions/secrets/public-key type=owner
[debug] [2023-03-23T19:06:13.212Z] <<< [apiv2][status] GET https://api.github.com/repos//actions/secrets/public-key 404
[debug] [2023-03-23T19:06:13.213Z] <<< [apiv2][body] GET https://api.github.com/repos//actions/secrets/public-key {"message":"Not Found","documentation_url":"https://docs.github.com/rest"}
[debug] [2023-03-23T19:06:13.959Z] >>> [apiv2][query] GET https://api.github.com/repos//actions/secrets/public-key type=owner
[debug] [2023-03-23T19:06:14.235Z] <<< [apiv2][status] GET https://api.github.com/repos//actions/secrets/public-key 404
[debug] [2023-03-23T19:06:14.236Z] <<< [apiv2][body] GET https://api.github.com/repos//actions/secrets/public-key {"message":"Not Found","documentation_url":"https://docs.github.com/rest"}
[debug] [2023-03-23T19:06:33.684Z] >>> [apiv2][query] GET https://api.github.com/repos//actions/secrets/public-key type=owner
[debug] [2023-03-23T19:06:34.000Z] <<< [apiv2][status] GET https://api.github.com/repos//actions/secrets/public-key 404
[debug] [2023-03-23T19:06:34.000Z] <<< [apiv2][body] GET https://api.github.com/repos//actions/secrets/public-key {"message":"Not Found","documentation_url":"https://docs.github.com/rest"}
